<?xml version="1.0" encoding="UTF-8"?>
<testsuite name="com.example.project1.ExampleUnitTest" tests="1" skipped="0" failures="0" errors="0" timestamp="2025-04-26T12:08:02" hostname="DESKTOP-OSL5E7E" time="0.012">
  <properties/>
  <testcase name="addition_isCorrect" classname="com.example.project1.ExampleUnitTest" time="0.012"/>
  <system-out><![CDATA[]]></system-out>
  <system-err><![CDATA[]]></system-err>
</testsuite>
